<?xml version="1.0" encoding="UTF-8"?>
<robot generator="Robot 3.2.2 (Python 3.9.1 on win32)" generated="20210428 14:13:09.284" rpa="false">
<suite id="s1" name="Webtest2" source="C:\Users\Sempa\PycharmProjects\spring-petclinic-angular-and-rest-master\spring-petclinic-angular\Robotframeworktest2\Tests\webtest2.robot">
<test id="s1-t1" name="Test edit owner">
<kw name="Begin Web Test" library="keywords" type="setup">
<kw name="Open Browser" library="SeleniumLibrary">
<doc>Opens a new browser instance to the optional ``url``.</doc>
<arguments>
<arg>about:blank</arg>
<arg>${BROWSER}</arg>
</arguments>
<msg timestamp="20210428 14:13:09.621" level="INFO">Opening browser 'headless chrome' to base url 'about:blank'.</msg>
<status status="PASS" starttime="20210428 14:13:09.621" endtime="20210428 14:13:10.849"></status>
</kw>
<kw name="Maximize Browser Window" library="SeleniumLibrary">
<doc>Maximizes current browser window.</doc>
<status status="PASS" starttime="20210428 14:13:10.849" endtime="20210428 14:13:10.965"></status>
</kw>
<kw name="Go To" library="SeleniumLibrary">
<doc>Navigates the current browser window to the provided ``url``.</doc>
<arguments>
<arg>${URL}</arg>
</arguments>
<msg timestamp="20210428 14:13:10.965" level="INFO">Opening url 'http://localhost:4200'</msg>
<status status="PASS" starttime="20210428 14:13:10.965" endtime="20210428 14:13:11.521"></status>
</kw>
<status status="PASS" starttime="20210428 14:13:09.620" endtime="20210428 14:13:11.521"></status>
</kw>
<kw name="Given user is on the landing page" library="keywords">
<kw name="Begin Web Test" library="keywords">
<kw name="Open Browser" library="SeleniumLibrary">
<doc>Opens a new browser instance to the optional ``url``.</doc>
<arguments>
<arg>about:blank</arg>
<arg>${BROWSER}</arg>
</arguments>
<msg timestamp="20210428 14:13:11.523" level="INFO">Opening browser 'headless chrome' to base url 'about:blank'.</msg>
<status status="PASS" starttime="20210428 14:13:11.523" endtime="20210428 14:13:12.632"></status>
</kw>
<kw name="Maximize Browser Window" library="SeleniumLibrary">
<doc>Maximizes current browser window.</doc>
<status status="PASS" starttime="20210428 14:13:12.632" endtime="20210428 14:13:12.741"></status>
</kw>
<kw name="Go To" library="SeleniumLibrary">
<doc>Navigates the current browser window to the provided ``url``.</doc>
<arguments>
<arg>${URL}</arg>
</arguments>
<msg timestamp="20210428 14:13:12.741" level="INFO">Opening url 'http://localhost:4200'</msg>
<status status="PASS" starttime="20210428 14:13:12.741" endtime="20210428 14:13:14.880"></status>
</kw>
<status status="PASS" starttime="20210428 14:13:11.522" endtime="20210428 14:13:14.881"></status>
</kw>
<status status="PASS" starttime="20210428 14:13:11.522" endtime="20210428 14:13:14.881"></status>
</kw>
<kw name="When a user edit a owner" library="keywords">
<kw name="Click Element" library="SeleniumLibrary">
<doc>Click the element identified by ``locator``.</doc>
<arguments>
<arg>xpath://html/body/app-root/div[1]/nav/div/ul/li[2]/a</arg>
</arguments>
<msg timestamp="20210428 14:13:14.882" level="INFO">Clicking element 'xpath://html/body/app-root/div[1]/nav/div/ul/li[2]/a'.</msg>
<status status="PASS" starttime="20210428 14:13:14.882" endtime="20210428 14:13:14.952"></status>
</kw>
<kw name="Click Element" library="SeleniumLibrary">
<doc>Click the element identified by ``locator``.</doc>
<arguments>
<arg>xpath://html/body/app-root/div[1]/nav/div/ul/li[2]/ul/li[1]/a/span[2]</arg>
</arguments>
<msg timestamp="20210428 14:13:14.952" level="INFO">Clicking element 'xpath://html/body/app-root/div[1]/nav/div/ul/li[2]/ul/li[1]/a/span[2]'.</msg>
<status status="PASS" starttime="20210428 14:13:14.952" endtime="20210428 14:13:15.038"></status>
</kw>
<kw name="Click Element" library="SeleniumLibrary">
<doc>Click the element identified by ``locator``.</doc>
<arguments>
<arg>xpath://html/body/app-root/app-owner-list/div/div/div/table/tbody/tr[5]/td[1]/a</arg>
</arguments>
<msg timestamp="20210428 14:13:15.039" level="INFO">Clicking element 'xpath://html/body/app-root/app-owner-list/div/div/div/table/tbody/tr[5]/td[1]/a'.</msg>
<kw name="Capture Page Screenshot" library="SeleniumLibrary">
<doc>Takes a screenshot of the current page and embeds it into a log file.</doc>
<msg timestamp="20210428 14:13:15.311" level="INFO" html="yes">&lt;/td&gt;&lt;/tr&gt;&lt;tr&gt;&lt;td colspan="3"&gt;&lt;a href="selenium-screenshot-3.png"&gt;&lt;img src="selenium-screenshot-3.png" width="800px"&gt;&lt;/a&gt;</msg>
<status status="PASS" starttime="20210428 14:13:15.054" endtime="20210428 14:13:15.311"></status>
</kw>
<msg timestamp="20210428 14:13:15.318" level="FAIL">Element with locator 'xpath://html/body/app-root/app-owner-list/div/div/div/table/tbody/tr[5]/td[1]/a' not found.</msg>
<status status="FAIL" starttime="20210428 14:13:15.038" endtime="20210428 14:13:15.318"></status>
</kw>
<status status="FAIL" starttime="20210428 14:13:14.881" endtime="20210428 14:13:15.318"></status>
</kw>
<doc>Gherkin2</doc>
<tags>
<tag>Edit owner</tag>
</tags>
<status status="FAIL" starttime="20210428 14:13:09.619" endtime="20210428 14:13:15.320" critical="yes">Element with locator 'xpath://html/body/app-root/app-owner-list/div/div/div/table/tbody/tr[5]/td[1]/a' not found.</status>
</test>
<kw name="End Web Test" library="keywords" type="teardown">
<kw name="Close Browser" library="SeleniumLibrary">
<doc>Closes the current browser.</doc>
<status status="PASS" starttime="20210428 14:13:15.324" endtime="20210428 14:13:17.441"></status>
</kw>
<status status="PASS" starttime="20210428 14:13:15.324" endtime="20210428 14:13:17.442"></status>
</kw>
<doc>Testar Selenium och RobotFramework</doc>
<status status="FAIL" starttime="20210428 14:13:09.287" endtime="20210428 14:13:17.442"></status>
</suite>
<statistics>
<total>
<stat pass="0" fail="1">Critical Tests</stat>
<stat pass="0" fail="1">All Tests</stat>
</total>
<tag>
<stat pass="0" fail="1">Edit owner</stat>
</tag>
<suite>
<stat pass="0" fail="1" id="s1" name="Webtest2">Webtest2</stat>
</suite>
</statistics>
<errors>
</errors>
</robot>
