<?xml version="1.0" encoding="UTF-8"?>
<robot generator="Robot 3.2.2 (Python 3.9.2 on win32)" generated="20210505 14:20:21.252" rpa="false">
<suite id="s1" name="AddPetVisit" source="C:\Projects\PetClinic\spring-petclinic-angular\src\test\automation\Tests\AddPetVisit.robot">
<test id="s1-t1" name="Adding a pet visit">
<kw name="Begin WebTest" type="setup">
<kw name="Open Browser" library="SeleniumLibrary">
<doc>Opens a new browser instance to the optional ``url``.</doc>
<arguments>
<arg>about:blank</arg>
<arg>chrome</arg>
</arguments>
<msg timestamp="20210505 14:20:21.568" level="INFO">Opening browser 'chrome' to base url 'about:blank'.</msg>
<status status="PASS" starttime="20210505 14:20:21.568" endtime="20210505 14:20:22.909"></status>
</kw>
<kw name="Maximize Browser Window" library="SeleniumLibrary">
<doc>Maximizes current browser window.</doc>
<status status="PASS" starttime="20210505 14:20:22.909" endtime="20210505 14:20:23.048"></status>
</kw>
<kw name="Set Selenium Speed" library="SeleniumLibrary">
<doc>Sets the delay that is waited after each Selenium command.</doc>
<arguments>
<arg>.5</arg>
</arguments>
<status status="PASS" starttime="20210505 14:20:23.049" endtime="20210505 14:20:23.049"></status>
</kw>
<status status="PASS" starttime="20210505 14:20:21.568" endtime="20210505 14:20:23.049"></status>
</kw>
<kw name="Given Go To Web Page">
<kw name="Load Page">
<kw name="Go To" library="SeleniumLibrary">
<doc>Navigates the current browser window to the provided ``url``.</doc>
<arguments>
<arg>${URL}</arg>
</arguments>
<msg timestamp="20210505 14:20:23.051" level="INFO">Opening url 'http://localhost:4200/'</msg>
<status status="PASS" starttime="20210505 14:20:23.051" endtime="20210505 14:20:24.135"></status>
</kw>
<status status="PASS" starttime="20210505 14:20:23.050" endtime="20210505 14:20:24.135"></status>
</kw>
<kw name="Verify Page Loaded">
<kw name="Get Text" library="SeleniumLibrary">
<doc>Returns the text value of the element identified by ``locator``.</doc>
<arguments>
<arg>xpath:/html/body/app-root/app-welcome/h1</arg>
</arguments>
<assign>
<var>${actualTerm}</var>
</assign>
<msg timestamp="20210505 14:20:25.175" level="INFO">${actualTerm} = Welcome to Petclinic</msg>
<status status="PASS" starttime="20210505 14:20:24.135" endtime="20210505 14:20:25.175"></status>
</kw>
<kw name="Should Be Equal" library="BuiltIn">
<doc>Fails if the given objects are unequal.</doc>
<arguments>
<arg>${Welcome_Message}</arg>
<arg>${actualTerm}</arg>
</arguments>
<status status="PASS" starttime="20210505 14:20:25.176" endtime="20210505 14:20:25.177"></status>
</kw>
<status status="PASS" starttime="20210505 14:20:24.135" endtime="20210505 14:20:25.178"></status>
</kw>
<status status="PASS" starttime="20210505 14:20:23.050" endtime="20210505 14:20:25.179"></status>
</kw>
<kw name="When All Owners">
<kw name="Click Element" library="SeleniumLibrary">
<doc>Click the element identified by ``locator``.</doc>
<arguments>
<arg>xpath:/html/body/app-root/div[1]/nav/div/ul/li[2]/a</arg>
</arguments>
<msg timestamp="20210505 14:20:25.181" level="INFO">Clicking element 'xpath:/html/body/app-root/div[1]/nav/div/ul/li[2]/a'.</msg>
<status status="PASS" starttime="20210505 14:20:25.181" endtime="20210505 14:20:26.294"></status>
</kw>
<kw name="Click Element" library="SeleniumLibrary">
<doc>Click the element identified by ``locator``.</doc>
<arguments>
<arg>xpath:/html/body/app-root/div[1]/nav/div/ul/li[2]/ul/li[1]/a</arg>
</arguments>
<msg timestamp="20210505 14:20:26.296" level="INFO">Clicking element 'xpath:/html/body/app-root/div[1]/nav/div/ul/li[2]/ul/li[1]/a'.</msg>
<status status="PASS" starttime="20210505 14:20:26.295" endtime="20210505 14:20:27.432"></status>
</kw>
<status status="PASS" starttime="20210505 14:20:25.180" endtime="20210505 14:20:27.433"></status>
</kw>
<kw name="And Select A Owner From The List">
<kw name="Set Selenium Speed" library="SeleniumLibrary">
<doc>Sets the delay that is waited after each Selenium command.</doc>
<arguments>
<arg>.25</arg>
</arguments>
<status status="PASS" starttime="20210505 14:20:27.435" endtime="20210505 14:20:27.436"></status>
</kw>
<kw name="Click Element" library="SeleniumLibrary">
<doc>Click the element identified by ``locator``.</doc>
<arguments>
<arg>xpath:/html/body/app-root/app-owner-list/div/div/div/table/tbody/tr[2]/td[1]/a</arg>
</arguments>
<msg timestamp="20210505 14:20:27.436" level="INFO">Clicking element 'xpath:/html/body/app-root/app-owner-list/div/div/div/table/tbody/tr[2]/td[1]/a'.</msg>
<status status="PASS" starttime="20210505 14:20:27.436" endtime="20210505 14:20:28.073"></status>
</kw>
<kw name="Set Selenium Speed" library="SeleniumLibrary">
<doc>Sets the delay that is waited after each Selenium command.</doc>
<arguments>
<arg>.25</arg>
</arguments>
<status status="PASS" starttime="20210505 14:20:28.073" endtime="20210505 14:20:28.073"></status>
</kw>
<kw name="Wait Until Page Contains" library="SeleniumLibrary">
<doc>Waits until ``text`` appears on the current page.</doc>
<arguments>
<arg>Betty Davis</arg>
</arguments>
<status status="PASS" starttime="20210505 14:20:28.074" endtime="20210505 14:20:28.338"></status>
</kw>
<status status="PASS" starttime="20210505 14:20:27.434" endtime="20210505 14:20:28.338"></status>
</kw>
<kw name="And AddVisit Button or Add Pet visit in the owners info page">
<kw name="Click Button" library="SeleniumLibrary">
<doc>Clicks the button identified by ``locator``.</doc>
<arguments>
<arg>xpath:/html/body/app-root/app-owner-detail/div/div/table[2]/tr/app-pet-list/table/tr/td[1]/dl/button[3]</arg>
</arguments>
<msg timestamp="20210505 14:20:28.339" level="INFO">Clicking button 'xpath:/html/body/app-root/app-owner-detail/div/div/table[2]/tr/app-pet-list/table/tr/td[1]/dl/button[3]'.</msg>
<status status="PASS" starttime="20210505 14:20:28.339" endtime="20210505 14:20:29.765"></status>
</kw>
<kw name="Wait Until Page Contains" library="SeleniumLibrary">
<doc>Waits until ``text`` appears on the current page.</doc>
<arguments>
<arg>New Visit</arg>
</arguments>
<status status="PASS" starttime="20210505 14:20:29.765" endtime="20210505 14:20:30.036"></status>
</kw>
<status status="PASS" starttime="20210505 14:20:28.339" endtime="20210505 14:20:30.036"></status>
</kw>
<kw name="And Pet Visit Details">
<arguments>
<arg>${Pet_Visit_Date_1}</arg>
<arg>${Pet_Visit_Description_1}</arg>
</arguments>
<kw name="Visit Date">
<arguments>
<arg>${Pet_VisitDate}</arg>
</arguments>
<kw name="Input Text" library="SeleniumLibrary">
<doc>Types the given ``text`` into the text field identified by ``locator``.</doc>
<arguments>
<arg>xpath://*[@id="visit"]/div[1]/div[1]/div/input</arg>
<arg>${Pet_VisitDate}</arg>
</arguments>
<msg timestamp="20210505 14:20:30.038" level="INFO">Typing text '2021/05/05' into text field 'xpath://*[@id="visit"]/div[1]/div[1]/div/input'.</msg>
<status status="PASS" starttime="20210505 14:20:30.037" endtime="20210505 14:20:30.931"></status>
</kw>
<status status="PASS" starttime="20210505 14:20:30.037" endtime="20210505 14:20:30.931"></status>
</kw>
<kw name="Description">
<arguments>
<arg>${PetVisit_Description}</arg>
</arguments>
<kw name="Input Text" library="SeleniumLibrary">
<doc>Types the given ``text`` into the text field identified by ``locator``.</doc>
<arguments>
<arg>xpath://*[@id="description"]</arg>
<arg>${PetVisit_Description}</arg>
</arguments>
<msg timestamp="20210505 14:20:30.932" level="INFO">Typing text 'check' into text field 'xpath://*[@id="description"]'.</msg>
<status status="PASS" starttime="20210505 14:20:30.932" endtime="20210505 14:20:31.808"></status>
</kw>
<kw name="Click Button" library="SeleniumLibrary">
<doc>Clicks the button identified by ``locator``.</doc>
<arguments>
<arg>xpath://*[@id="visit"]/div[2]/div/button[2]</arg>
</arguments>
<msg timestamp="20210505 14:20:31.808" level="INFO">Clicking button 'xpath://*[@id="visit"]/div[2]/div/button[2]'.</msg>
<status status="PASS" starttime="20210505 14:20:31.808" endtime="20210505 14:20:33.166"></status>
</kw>
<status status="PASS" starttime="20210505 14:20:30.931" endtime="20210505 14:20:33.166"></status>
</kw>
<kw name="Set Selenium Speed" library="SeleniumLibrary">
<doc>Sets the delay that is waited after each Selenium command.</doc>
<arguments>
<arg>.5</arg>
</arguments>
<status status="PASS" starttime="20210505 14:20:33.166" endtime="20210505 14:20:33.167"></status>
</kw>
<status status="PASS" starttime="20210505 14:20:30.037" endtime="20210505 14:20:33.167"></status>
</kw>
<kw name="Then Verify Visit Added To A Pet">
<kw name="Set Selenium Speed" library="SeleniumLibrary">
<doc>Sets the delay that is waited after each Selenium command.</doc>
<arguments>
<arg>.5</arg>
</arguments>
<status status="PASS" starttime="20210505 14:20:33.167" endtime="20210505 14:20:33.168"></status>
</kw>
<kw name="Get Text" library="SeleniumLibrary">
<doc>Returns the text value of the element identified by ``locator``.</doc>
<arguments>
<arg>xpath:/html/body/app-root/app-owner-detail/div/div/table[2]/tr/app-pet-list/table/tr/td[2]/app-visit-list/table/tr[3]/td[1]</arg>
</arguments>
<assign>
<var>${Pet_Visit_Date_Added}</var>
</assign>
<msg timestamp="20210505 14:20:34.210" level="INFO">${Pet_Visit_Date_Added} = 2021/05/05</msg>
<status status="PASS" starttime="20210505 14:20:33.168" endtime="20210505 14:20:34.210"></status>
</kw>
<kw name="Set Selenium Speed" library="SeleniumLibrary">
<doc>Sets the delay that is waited after each Selenium command.</doc>
<arguments>
<arg>.5</arg>
</arguments>
<status status="PASS" starttime="20210505 14:20:34.211" endtime="20210505 14:20:34.211"></status>
</kw>
<kw name="Get Text" library="SeleniumLibrary">
<doc>Returns the text value of the element identified by ``locator``.</doc>
<arguments>
<arg>xpath:/html/body/app-root/app-owner-detail/div/div/table[2]/tr/app-pet-list/table/tr/td[2]/app-visit-list/table/tr[4]/td[2]</arg>
</arguments>
<assign>
<var>${Pet_Visit_Description_Added}</var>
</assign>
<msg timestamp="20210505 14:20:35.283" level="INFO">${Pet_Visit_Description_Added} = check</msg>
<status status="PASS" starttime="20210505 14:20:34.212" endtime="20210505 14:20:35.283"></status>
</kw>
<kw name="Set Selenium Speed" library="SeleniumLibrary">
<doc>Sets the delay that is waited after each Selenium command.</doc>
<arguments>
<arg>.5</arg>
</arguments>
<status status="PASS" starttime="20210505 14:20:35.284" endtime="20210505 14:20:35.284"></status>
</kw>
<kw name="Table Should Contain" library="SeleniumLibrary">
<doc>Verifies table contains text ``expected``.</doc>
<arguments>
<arg>xpath:/html/body/app-root/app-owner-detail/div/div/table[2]/tr/app-pet-list/table/tr/td[2]/app-visit-list/table</arg>
<arg>${Pet_Visit_Date_Added}</arg>
<arg>${Pet_Visit_Description_Added}</arg>
</arguments>
<status status="PASS" starttime="20210505 14:20:35.285" endtime="20210505 14:20:49.175"></status>
</kw>
<kw name="Set Selenium Speed" library="SeleniumLibrary">
<doc>Sets the delay that is waited after each Selenium command.</doc>
<arguments>
<arg>.5</arg>
</arguments>
<status status="PASS" starttime="20210505 14:20:49.176" endtime="20210505 14:20:49.177"></status>
</kw>
<status status="PASS" starttime="20210505 14:20:33.167" endtime="20210505 14:20:49.178"></status>
</kw>
<kw name="End Web Test" library="PetKeywords" type="teardown">
<kw name="Close Browser" library="SeleniumLibrary">
<doc>Closes the current browser.</doc>
<status status="PASS" starttime="20210505 14:20:49.180" endtime="20210505 14:20:51.822"></status>
</kw>
<status status="PASS" starttime="20210505 14:20:49.179" endtime="20210505 14:20:51.823"></status>
</kw>
<doc>Adding a petvisit and verifying</doc>
<tags>
<tag>Testing adding a petvisit and verifying</tag>
</tags>
<status status="PASS" starttime="20210505 14:20:21.566" endtime="20210505 14:20:51.824" critical="yes"></status>
</test>
<test id="s1-t2" name="Add multiple petvisits to one pet">
<kw name="Begin WebTest" type="setup">
<kw name="Open Browser" library="SeleniumLibrary">
<doc>Opens a new browser instance to the optional ``url``.</doc>
<arguments>
<arg>about:blank</arg>
<arg>chrome</arg>
</arguments>
<msg timestamp="20210505 14:20:51.833" level="INFO">Opening browser 'chrome' to base url 'about:blank'.</msg>
<status status="PASS" starttime="20210505 14:20:51.832" endtime="20210505 14:20:53.707"></status>
</kw>
<kw name="Maximize Browser Window" library="SeleniumLibrary">
<doc>Maximizes current browser window.</doc>
<status status="PASS" starttime="20210505 14:20:53.707" endtime="20210505 14:20:54.349"></status>
</kw>
<kw name="Set Selenium Speed" library="SeleniumLibrary">
<doc>Sets the delay that is waited after each Selenium command.</doc>
<arguments>
<arg>.5</arg>
</arguments>
<status status="PASS" starttime="20210505 14:20:54.349" endtime="20210505 14:20:54.349"></status>
</kw>
<status status="PASS" starttime="20210505 14:20:51.831" endtime="20210505 14:20:54.350"></status>
</kw>
<kw name="Given Go To Web Page">
<kw name="Load Page">
<kw name="Go To" library="SeleniumLibrary">
<doc>Navigates the current browser window to the provided ``url``.</doc>
<arguments>
<arg>${URL}</arg>
</arguments>
<msg timestamp="20210505 14:20:54.352" level="INFO">Opening url 'http://localhost:4200/'</msg>
<status status="PASS" starttime="20210505 14:20:54.351" endtime="20210505 14:20:55.416"></status>
</kw>
<status status="PASS" starttime="20210505 14:20:54.351" endtime="20210505 14:20:55.416"></status>
</kw>
<kw name="Verify Page Loaded">
<kw name="Get Text" library="SeleniumLibrary">
<doc>Returns the text value of the element identified by ``locator``.</doc>
<arguments>
<arg>xpath:/html/body/app-root/app-welcome/h1</arg>
</arguments>
<assign>
<var>${actualTerm}</var>
</assign>
<msg timestamp="20210505 14:20:56.455" level="INFO">${actualTerm} = Welcome to Petclinic</msg>
<status status="PASS" starttime="20210505 14:20:55.417" endtime="20210505 14:20:56.455"></status>
</kw>
<kw name="Should Be Equal" library="BuiltIn">
<doc>Fails if the given objects are unequal.</doc>
<arguments>
<arg>${Welcome_Message}</arg>
<arg>${actualTerm}</arg>
</arguments>
<status status="PASS" starttime="20210505 14:20:56.455" endtime="20210505 14:20:56.455"></status>
</kw>
<status status="PASS" starttime="20210505 14:20:55.416" endtime="20210505 14:20:56.456"></status>
</kw>
<status status="PASS" starttime="20210505 14:20:54.350" endtime="20210505 14:20:56.456"></status>
</kw>
<kw name="When All Owners">
<kw name="Click Element" library="SeleniumLibrary">
<doc>Click the element identified by ``locator``.</doc>
<arguments>
<arg>xpath:/html/body/app-root/div[1]/nav/div/ul/li[2]/a</arg>
</arguments>
<msg timestamp="20210505 14:20:56.457" level="INFO">Clicking element 'xpath:/html/body/app-root/div[1]/nav/div/ul/li[2]/a'.</msg>
<status status="PASS" starttime="20210505 14:20:56.457" endtime="20210505 14:20:57.528"></status>
</kw>
<kw name="Click Element" library="SeleniumLibrary">
<doc>Click the element identified by ``locator``.</doc>
<arguments>
<arg>xpath:/html/body/app-root/div[1]/nav/div/ul/li[2]/ul/li[1]/a</arg>
</arguments>
<msg timestamp="20210505 14:20:57.528" level="INFO">Clicking element 'xpath:/html/body/app-root/div[1]/nav/div/ul/li[2]/ul/li[1]/a'.</msg>
<status status="PASS" starttime="20210505 14:20:57.528" endtime="20210505 14:20:58.654"></status>
</kw>
<status status="PASS" starttime="20210505 14:20:56.456" endtime="20210505 14:20:58.654"></status>
</kw>
<kw name="And Select A Owner From The List">
<kw name="Set Selenium Speed" library="SeleniumLibrary">
<doc>Sets the delay that is waited after each Selenium command.</doc>
<arguments>
<arg>.25</arg>
</arguments>
<status status="PASS" starttime="20210505 14:20:58.655" endtime="20210505 14:20:58.655"></status>
</kw>
<kw name="Click Element" library="SeleniumLibrary">
<doc>Click the element identified by ``locator``.</doc>
<arguments>
<arg>xpath:/html/body/app-root/app-owner-list/div/div/div/table/tbody/tr[2]/td[1]/a</arg>
</arguments>
<msg timestamp="20210505 14:20:58.655" level="INFO">Clicking element 'xpath:/html/body/app-root/app-owner-list/div/div/div/table/tbody/tr[2]/td[1]/a'.</msg>
<status status="PASS" starttime="20210505 14:20:58.655" endtime="20210505 14:20:59.237"></status>
</kw>
<kw name="Set Selenium Speed" library="SeleniumLibrary">
<doc>Sets the delay that is waited after each Selenium command.</doc>
<arguments>
<arg>.25</arg>
</arguments>
<status status="PASS" starttime="20210505 14:20:59.237" endtime="20210505 14:20:59.237"></status>
</kw>
<kw name="Wait Until Page Contains" library="SeleniumLibrary">
<doc>Waits until ``text`` appears on the current page.</doc>
<arguments>
<arg>Betty Davis</arg>
</arguments>
<status status="PASS" starttime="20210505 14:20:59.237" endtime="20210505 14:20:59.503"></status>
</kw>
<status status="PASS" starttime="20210505 14:20:58.655" endtime="20210505 14:20:59.504"></status>
</kw>
<kw name="And AddVisit Button or Add Pet visit in the owners info page">
<kw name="Click Button" library="SeleniumLibrary">
<doc>Clicks the button identified by ``locator``.</doc>
<arguments>
<arg>xpath:/html/body/app-root/app-owner-detail/div/div/table[2]/tr/app-pet-list/table/tr/td[1]/dl/button[3]</arg>
</arguments>
<msg timestamp="20210505 14:20:59.507" level="INFO">Clicking button 'xpath:/html/body/app-root/app-owner-detail/div/div/table[2]/tr/app-pet-list/table/tr/td[1]/dl/button[3]'.</msg>
<status status="PASS" starttime="20210505 14:20:59.506" endtime="20210505 14:21:00.956"></status>
</kw>
<kw name="Wait Until Page Contains" library="SeleniumLibrary">
<doc>Waits until ``text`` appears on the current page.</doc>
<arguments>
<arg>New Visit</arg>
</arguments>
<status status="PASS" starttime="20210505 14:21:00.957" endtime="20210505 14:21:01.252"></status>
</kw>
<status status="PASS" starttime="20210505 14:20:59.505" endtime="20210505 14:21:01.253"></status>
</kw>
<kw name="And Pet Visit Details">
<arguments>
<arg>${Pet_Visit_Date_1}</arg>
<arg>${Pet_Visit_Description_1}</arg>
</arguments>
<kw name="Visit Date">
<arguments>
<arg>${Pet_VisitDate}</arg>
</arguments>
<kw name="Input Text" library="SeleniumLibrary">
<doc>Types the given ``text`` into the text field identified by ``locator``.</doc>
<arguments>
<arg>xpath://*[@id="visit"]/div[1]/div[1]/div/input</arg>
<arg>${Pet_VisitDate}</arg>
</arguments>
<msg timestamp="20210505 14:21:01.258" level="INFO">Typing text '2021/05/05' into text field 'xpath://*[@id="visit"]/div[1]/div[1]/div/input'.</msg>
<status status="PASS" starttime="20210505 14:21:01.257" endtime="20210505 14:21:02.219"></status>
</kw>
<status status="PASS" starttime="20210505 14:21:01.255" endtime="20210505 14:21:02.220"></status>
</kw>
<kw name="Description">
<arguments>
<arg>${PetVisit_Description}</arg>
</arguments>
<kw name="Input Text" library="SeleniumLibrary">
<doc>Types the given ``text`` into the text field identified by ``locator``.</doc>
<arguments>
<arg>xpath://*[@id="description"]</arg>
<arg>${PetVisit_Description}</arg>
</arguments>
<msg timestamp="20210505 14:21:02.222" level="INFO">Typing text 'check' into text field 'xpath://*[@id="description"]'.</msg>
<status status="PASS" starttime="20210505 14:21:02.221" endtime="20210505 14:21:03.167"></status>
</kw>
<kw name="Click Button" library="SeleniumLibrary">
<doc>Clicks the button identified by ``locator``.</doc>
<arguments>
<arg>xpath://*[@id="visit"]/div[2]/div/button[2]</arg>
</arguments>
<msg timestamp="20210505 14:21:03.168" level="INFO">Clicking button 'xpath://*[@id="visit"]/div[2]/div/button[2]'.</msg>
<status status="PASS" starttime="20210505 14:21:03.167" endtime="20210505 14:21:04.602"></status>
</kw>
<status status="PASS" starttime="20210505 14:21:02.220" endtime="20210505 14:21:04.603"></status>
</kw>
<kw name="Set Selenium Speed" library="SeleniumLibrary">
<doc>Sets the delay that is waited after each Selenium command.</doc>
<arguments>
<arg>.5</arg>
</arguments>
<status status="PASS" starttime="20210505 14:21:04.604" endtime="20210505 14:21:04.604"></status>
</kw>
<status status="PASS" starttime="20210505 14:21:01.254" endtime="20210505 14:21:04.605"></status>
</kw>
<kw name="And AddVisit Button or Add Pet visit in the owners info page">
<kw name="Click Button" library="SeleniumLibrary">
<doc>Clicks the button identified by ``locator``.</doc>
<arguments>
<arg>xpath:/html/body/app-root/app-owner-detail/div/div/table[2]/tr/app-pet-list/table/tr/td[1]/dl/button[3]</arg>
</arguments>
<msg timestamp="20210505 14:21:04.609" level="INFO">Clicking button 'xpath:/html/body/app-root/app-owner-detail/div/div/table[2]/tr/app-pet-list/table/tr/td[1]/dl/button[3]'.</msg>
<status status="PASS" starttime="20210505 14:21:04.608" endtime="20210505 14:21:07.295"></status>
</kw>
<kw name="Wait Until Page Contains" library="SeleniumLibrary">
<doc>Waits until ``text`` appears on the current page.</doc>
<arguments>
<arg>New Visit</arg>
</arguments>
<status status="PASS" starttime="20210505 14:21:07.296" endtime="20210505 14:21:07.824"></status>
</kw>
<status status="PASS" starttime="20210505 14:21:04.607" endtime="20210505 14:21:07.825"></status>
</kw>
<kw name="And Pet Visit Details">
<arguments>
<arg>${Pet_Visit_Date_2}</arg>
<arg>${Pet_Visit_Description_2}</arg>
</arguments>
<kw name="Visit Date">
<arguments>
<arg>${Pet_VisitDate}</arg>
</arguments>
<kw name="Input Text" library="SeleniumLibrary">
<doc>Types the given ``text`` into the text field identified by ``locator``.</doc>
<arguments>
<arg>xpath://*[@id="visit"]/div[1]/div[1]/div/input</arg>
<arg>${Pet_VisitDate}</arg>
</arguments>
<msg timestamp="20210505 14:21:07.830" level="INFO">Typing text '2021/05/19' into text field 'xpath://*[@id="visit"]/div[1]/div[1]/div/input'.</msg>
<status status="PASS" starttime="20210505 14:21:07.829" endtime="20210505 14:21:09.553"></status>
</kw>
<status status="PASS" starttime="20210505 14:21:07.828" endtime="20210505 14:21:09.554"></status>
</kw>
<kw name="Description">
<arguments>
<arg>${PetVisit_Description}</arg>
</arguments>
<kw name="Input Text" library="SeleniumLibrary">
<doc>Types the given ``text`` into the text field identified by ``locator``.</doc>
<arguments>
<arg>xpath://*[@id="description"]</arg>
<arg>${PetVisit_Description}</arg>
</arguments>
<msg timestamp="20210505 14:21:09.558" level="INFO">Typing text 'Skeletal Checkup' into text field 'xpath://*[@id="description"]'.</msg>
<status status="PASS" starttime="20210505 14:21:09.557" endtime="20210505 14:21:11.267"></status>
</kw>
<kw name="Click Button" library="SeleniumLibrary">
<doc>Clicks the button identified by ``locator``.</doc>
<arguments>
<arg>xpath://*[@id="visit"]/div[2]/div/button[2]</arg>
</arguments>
<msg timestamp="20210505 14:21:11.268" level="INFO">Clicking button 'xpath://*[@id="visit"]/div[2]/div/button[2]'.</msg>
<status status="PASS" starttime="20210505 14:21:11.267" endtime="20210505 14:21:13.917"></status>
</kw>
<status status="PASS" starttime="20210505 14:21:09.554" endtime="20210505 14:21:13.918"></status>
</kw>
<kw name="Set Selenium Speed" library="SeleniumLibrary">
<doc>Sets the delay that is waited after each Selenium command.</doc>
<arguments>
<arg>.5</arg>
</arguments>
<status status="PASS" starttime="20210505 14:21:13.919" endtime="20210505 14:21:13.919"></status>
</kw>
<status status="PASS" starttime="20210505 14:21:07.826" endtime="20210505 14:21:13.920"></status>
</kw>
<kw name="Then Verify able to add multiple pet visits">
<kw name="Get Text" library="SeleniumLibrary">
<doc>Returns the text value of the element identified by ``locator``.</doc>
<arguments>
<arg>xpath:/html/body/app-root/app-owner-detail/div/div/table[2]/tr/app-pet-list/table/tr/td[2]/app-visit-list/table/tr[1]/td[1]</arg>
</arguments>
<assign>
<var>${Pet_SecondVisit_Date_Added}</var>
</assign>
<msg timestamp="20210505 14:21:15.006" level="INFO">${Pet_SecondVisit_Date_Added} = 2021/05/19</msg>
<status status="PASS" starttime="20210505 14:21:13.923" endtime="20210505 14:21:15.006"></status>
</kw>
<kw name="Get Text" library="SeleniumLibrary">
<doc>Returns the text value of the element identified by ``locator``.</doc>
<arguments>
<arg>xpath:/html/body/app-root/app-owner-detail/div/div/table[2]/tr/app-pet-list/table/tr/td[2]/app-visit-list/table/tr[1]/td[2]</arg>
</arguments>
<assign>
<var>${Pet_SecondVisit_Description_Added}</var>
</assign>
<msg timestamp="20210505 14:21:16.097" level="INFO">${Pet_SecondVisit_Description_Added} = Skeletal Checkup</msg>
<status status="PASS" starttime="20210505 14:21:15.007" endtime="20210505 14:21:16.097"></status>
</kw>
<kw name="Table Should Contain" library="SeleniumLibrary">
<doc>Verifies table contains text ``expected``.</doc>
<arguments>
<arg>xpath:/html/body/app-root/app-owner-detail/div/div/table[2]/tr/app-pet-list/table/tr/td[2]/app-visit-list/table</arg>
<arg>${Pet_SecondVisit_Date_Added}</arg>
<arg>${Pet_SecondVisit_Description_Added}</arg>
</arguments>
<status status="PASS" starttime="20210505 14:21:16.097" endtime="20210505 14:21:23.612"></status>
</kw>
<kw name="Set Selenium Speed" library="SeleniumLibrary">
<doc>Sets the delay that is waited after each Selenium command.</doc>
<arguments>
<arg>.5</arg>
</arguments>
<status status="PASS" starttime="20210505 14:21:23.612" endtime="20210505 14:21:23.612"></status>
</kw>
<status status="PASS" starttime="20210505 14:21:13.921" endtime="20210505 14:21:23.613"></status>
</kw>
<kw name="End Web Test" library="PetKeywords" type="teardown">
<kw name="Close Browser" library="SeleniumLibrary">
<doc>Closes the current browser.</doc>
<status status="PASS" starttime="20210505 14:21:23.615" endtime="20210505 14:21:26.293"></status>
</kw>
<status status="PASS" starttime="20210505 14:21:23.614" endtime="20210505 14:21:26.294"></status>
</kw>
<doc>Adding Multiple petvisits and verifying</doc>
<tags>
<tag>Testing adding Multiple Petvisits and verifying</tag>
</tags>
<status status="PASS" starttime="20210505 14:20:51.829" endtime="20210505 14:21:26.295" critical="yes"></status>
</test>
<doc>This is some basic info about the whole test suite</doc>
<status status="PASS" starttime="20210505 14:20:21.255" endtime="20210505 14:21:26.296"></status>
</suite>
<statistics>
<total>
<stat pass="2" fail="0">Critical Tests</stat>
<stat pass="2" fail="0">All Tests</stat>
</total>
<tag>
<stat pass="1" fail="0">Testing adding a petvisit and verifying</stat>
<stat pass="1" fail="0">Testing adding Multiple Petvisits and verifying</stat>
</tag>
<suite>
<stat pass="2" fail="0" id="s1" name="AddPetVisit">AddPetVisit</stat>
</suite>
</statistics>
<errors>
</errors>
</robot>
