<?xml version="1.0" encoding="UTF-8"?>
<robot generator="Robot 3.2.2 (Python 3.9.2 on win32)" generated="20210424 00:12:22.919" rpa="false">
<suite id="s1" name="Pet" source="C:\Projects\PetClinic\spring-petclinic-angular\src\test\automation\Tests\pet.robot">
<test id="s1-t1" name="Validate if pet is connected to the rightful owner or not">
<kw name="Begin Web Test" library="PetKeywords" type="setup">
<kw name="Open Browser" library="SeleniumLibrary">
<doc>Opens a new browser instance to the optional ``url``.</doc>
<arguments>
<arg>about:blank</arg>
<arg>${BROWSER}</arg>
</arguments>
<msg timestamp="20210424 00:12:23.422" level="INFO">Opening browser 'chrome' to base url 'about:blank'.</msg>
<status status="PASS" starttime="20210424 00:12:23.421" endtime="20210424 00:12:25.864"></status>
</kw>
<kw name="Set Selenium Speed" library="SeleniumLibrary">
<doc>Sets the delay that is waited after each Selenium command.</doc>
<arguments>
<arg>.5</arg>
</arguments>
<status status="PASS" starttime="20210424 00:12:25.864" endtime="20210424 00:12:25.865"></status>
</kw>
<status status="PASS" starttime="20210424 00:12:23.420" endtime="20210424 00:12:25.865"></status>
</kw>
<kw name="Given Go to Web Page" library="PetKeywords">
<kw name="Load Page" library="PetKeywords">
<kw name="Go To" library="SeleniumLibrary">
<doc>Navigates the current browser window to the provided ``url``.</doc>
<arguments>
<arg>${URL}</arg>
</arguments>
<msg timestamp="20210424 00:12:25.884" level="INFO">Opening url 'http://localhost:4200/'</msg>
<status status="PASS" starttime="20210424 00:12:25.883" endtime="20210424 00:12:27.463"></status>
</kw>
<status status="PASS" starttime="20210424 00:12:25.882" endtime="20210424 00:12:27.463"></status>
</kw>
<kw name="Verify Page Loaded" library="PetKeywords">
<kw name="Get Text" library="SeleniumLibrary">
<doc>Returns the text value of the element identified by ``locator``.</doc>
<arguments>
<arg>xpath:/html/body/app-root/app-welcome/h1</arg>
</arguments>
<assign>
<var>${actualTerm}</var>
</assign>
<msg timestamp="20210424 00:12:28.543" level="INFO">${actualTerm} = Welcome to Petclinic</msg>
<status status="PASS" starttime="20210424 00:12:27.464" endtime="20210424 00:12:28.543"></status>
</kw>
<kw name="Should Be Equal" library="BuiltIn">
<doc>Fails if the given objects are unequal.</doc>
<arguments>
<arg>Welcome to Petclinic</arg>
<arg>${actualTerm}</arg>
</arguments>
<status status="PASS" starttime="20210424 00:12:28.543" endtime="20210424 00:12:28.544"></status>
</kw>
<status status="PASS" starttime="20210424 00:12:27.463" endtime="20210424 00:12:28.544"></status>
</kw>
<status status="PASS" starttime="20210424 00:12:25.880" endtime="20210424 00:12:28.544"></status>
</kw>
<kw name="When Select all owners option and go to list of all owners" library="PetKeywords">
<kw name="Click Element" library="SeleniumLibrary">
<doc>Click the element identified by ``locator``.</doc>
<arguments>
<arg>xpath://html/body/app-root/div[1]/nav/div/ul/li[2]/a</arg>
</arguments>
<msg timestamp="20210424 00:12:28.547" level="INFO">Clicking element 'xpath://html/body/app-root/div[1]/nav/div/ul/li[2]/a'.</msg>
<status status="PASS" starttime="20210424 00:12:28.546" endtime="20210424 00:12:29.650"></status>
</kw>
<kw name="Click Element" library="SeleniumLibrary">
<doc>Click the element identified by ``locator``.</doc>
<arguments>
<arg>xpath://html/body/app-root/div[1]/nav/div/ul/li[2]/ul/li[1]/a</arg>
</arguments>
<msg timestamp="20210424 00:12:29.650" level="INFO">Clicking element 'xpath://html/body/app-root/div[1]/nav/div/ul/li[2]/ul/li[1]/a'.</msg>
<status status="PASS" starttime="20210424 00:12:29.650" endtime="20210424 00:12:30.756"></status>
</kw>
<status status="PASS" starttime="20210424 00:12:28.546" endtime="20210424 00:12:30.756"></status>
</kw>
<kw name="And Select any owner from the list of all owners" library="PetKeywords">
<kw name="Get Text" library="SeleniumLibrary">
<doc>Returns the text value of the element identified by ``locator``.</doc>
<arguments>
<arg>xpath:/html/body/app-root/app-owner-list/div/div/div/table/tbody/tr[8]/td[1]/a</arg>
</arguments>
<assign>
<var>${expecting_ownwer}</var>
</assign>
<msg timestamp="20210424 00:12:31.814" level="INFO">${expecting_ownwer} = Maria Escobito</msg>
<status status="PASS" starttime="20210424 00:12:30.757" endtime="20210424 00:12:31.814"></status>
</kw>
<kw name="Get Text" library="SeleniumLibrary">
<doc>Returns the text value of the element identified by ``locator``.</doc>
<arguments>
<arg>xpath:/html/body/app-root/app-owner-list/div/div/div/table/tbody/tr[8]/td[5]/tr</arg>
</arguments>
<assign>
<var>${expecting_pet}</var>
</assign>
<msg timestamp="20210424 00:12:32.861" level="INFO">${expecting_pet} = Mulligan</msg>
<status status="PASS" starttime="20210424 00:12:31.814" endtime="20210424 00:12:32.861"></status>
</kw>
<kw name="Click Element" library="SeleniumLibrary">
<doc>Click the element identified by ``locator``.</doc>
<arguments>
<arg>xpath:/html/body/app-root/app-owner-list/div/div/div/table/tbody/tr[8]/td[1]/a</arg>
</arguments>
<msg timestamp="20210424 00:12:32.861" level="INFO">Clicking element 'xpath:/html/body/app-root/app-owner-list/div/div/div/table/tbody/tr[8]/td[1]/a'.</msg>
<status status="PASS" starttime="20210424 00:12:32.861" endtime="20210424 00:12:33.983"></status>
</kw>
<status status="PASS" starttime="20210424 00:12:30.757" endtime="20210424 00:12:33.983"></status>
</kw>
<kw name="Then Verify whether selected Owner is with rightful pet" library="PetKeywords">
<kw name="Get Text" library="SeleniumLibrary">
<doc>Returns the text value of the element identified by ``locator``.</doc>
<arguments>
<arg>xpath:/html/body/app-root/app-owner-detail/div/div/table[2]/tr/app-pet-list/table/tr/td[1]/dl/dd[1]</arg>
</arguments>
<assign>
<var>${actual_pet}</var>
</assign>
<msg timestamp="20210424 00:12:35.061" level="INFO">${actual_pet} = Mulligan</msg>
<status status="PASS" starttime="20210424 00:12:33.992" endtime="20210424 00:12:35.061"></status>
</kw>
<kw name="Get Text" library="SeleniumLibrary">
<doc>Returns the text value of the element identified by ``locator``.</doc>
<arguments>
<arg>xpath:/html/body/app-root/app-owner-detail/div/div/table[1]/tr[1]/td/b</arg>
</arguments>
<assign>
<var>${actual_owner}</var>
</assign>
<msg timestamp="20210424 00:12:36.121" level="INFO">${actual_owner} = Maria Escobito</msg>
<status status="PASS" starttime="20210424 00:12:35.061" endtime="20210424 00:12:36.121"></status>
</kw>
<kw name="Should Be Equal" library="BuiltIn">
<doc>Fails if the given objects are unequal.</doc>
<arguments>
<arg>${expecting_ownwer}${expecting_pet}</arg>
<arg>${actual_owner}${actual_pet}</arg>
</arguments>
<status status="PASS" starttime="20210424 00:12:36.121" endtime="20210424 00:12:36.123"></status>
</kw>
<kw name="Sleep" library="BuiltIn">
<doc>Pauses the test executed for the given time.</doc>
<arguments>
<arg>.25</arg>
</arguments>
<msg timestamp="20210424 00:12:36.382" level="INFO">Slept 250 milliseconds</msg>
<status status="PASS" starttime="20210424 00:12:36.123" endtime="20210424 00:12:36.382"></status>
</kw>
<status status="PASS" starttime="20210424 00:12:33.991" endtime="20210424 00:12:36.382"></status>
</kw>
<kw name="End Web Test" library="PetKeywords" type="teardown">
<kw name="Close Browser" library="SeleniumLibrary">
<doc>Closes the current browser.</doc>
<status status="PASS" starttime="20210424 00:12:36.384" endtime="20210424 00:12:39.203"></status>
</kw>
<status status="PASS" starttime="20210424 00:12:36.383" endtime="20210424 00:12:39.203"></status>
</kw>
<doc>To test if pet is connected to rightful owner</doc>
<tags>
<tag>Test 1 To Validate pet is connected to rightful owner</tag>
</tags>
<status status="PASS" starttime="20210424 00:12:23.419" endtime="20210424 00:12:39.204" critical="yes"></status>
</test>
<doc>This is some basic info about the whole test suite</doc>
<status status="PASS" starttime="20210424 00:12:22.922" endtime="20210424 00:12:39.207"></status>
</suite>
<statistics>
<total>
<stat pass="1" fail="0">Critical Tests</stat>
<stat pass="1" fail="0">All Tests</stat>
</total>
<tag>
<stat pass="1" fail="0">Test 1 To Validate pet is connected to rightful owner</stat>
</tag>
<suite>
<stat pass="1" fail="0" id="s1" name="Pet">Pet</stat>
</suite>
</statistics>
<errors>
</errors>
</robot>
