<?xml version="1.0" encoding="UTF-8"?>
<robot generator="Robot 3.2.2 (Python 3.9.1 on win32)" generated="20210419 11:28:25.092" rpa="false">
<suite id="s1" name="Tests" source="C:\Users\prava\PycharmProjects\spring-petclinic-angular-and-rest-master-New\spring-petclinic-angular\Tests">
<suite id="s1-s1" name="PetClinicTest" source="C:\Users\prava\PycharmProjects\spring-petclinic-angular-and-rest-master-New\spring-petclinic-angular\Tests\PetClinicTest.robot">
<test id="s1-s1-t1" name="Adding a new pet to petclinic website">
<kw name="Begin WebTest" library="PetclinicKeywords" type="setup">
<kw name="Open Browser" library="SeleniumLibrary">
<doc>Opens a new browser instance to the optional ``url``.</doc>
<arguments>
<arg>about:blank</arg>
<arg>chrome</arg>
</arguments>
<msg timestamp="20210419 11:28:25.386" level="INFO">Opening browser 'chrome' to base url 'about:blank'.</msg>
<status status="PASS" starttime="20210419 11:28:25.386" endtime="20210419 11:28:26.795"></status>
</kw>
<kw name="Set Selenium Speed" library="SeleniumLibrary">
<doc>Sets the delay that is waited after each Selenium command.</doc>
<arguments>
<arg>.5</arg>
</arguments>
<status status="PASS" starttime="20210419 11:28:26.797" endtime="20210419 11:28:26.798"></status>
</kw>
<status status="PASS" starttime="20210419 11:28:25.386" endtime="20210419 11:28:26.799"></status>
</kw>
<kw name="Given Go To Web Page" library="PetclinicKeywords">
<kw name="Load Page" library="PetclinicKeywords">
<kw name="Go To" library="SeleniumLibrary">
<doc>Navigates the current browser window to the provided ``url``.</doc>
<arguments>
<arg>${URL}</arg>
</arguments>
<msg timestamp="20210419 11:28:26.804" level="INFO">Opening url 'http://localhost:4200/'</msg>
<status status="PASS" starttime="20210419 11:28:26.803" endtime="20210419 11:28:28.448"></status>
</kw>
<status status="PASS" starttime="20210419 11:28:26.803" endtime="20210419 11:28:28.448"></status>
</kw>
<kw name="Verify Page Loaded" library="PetclinicKeywords">
<kw name="Get Text" library="SeleniumLibrary">
<doc>Returns the text value of the element identified by ``locator``.</doc>
<arguments>
<arg>xpath:/html/body/app-root/app-welcome/h1</arg>
</arguments>
<assign>
<var>${actualTerm}</var>
</assign>
<msg timestamp="20210419 11:28:29.535" level="INFO">${actualTerm} = Welcome to Petclinic</msg>
<status status="PASS" starttime="20210419 11:28:28.448" endtime="20210419 11:28:29.535"></status>
</kw>
<kw name="Should Be Equal" library="BuiltIn">
<doc>Fails if the given objects are unequal.</doc>
<arguments>
<arg>Welcome to Petclinic</arg>
<arg>${actualTerm}</arg>
</arguments>
<status status="PASS" starttime="20210419 11:28:29.535" endtime="20210419 11:28:29.535"></status>
</kw>
<status status="PASS" starttime="20210419 11:28:28.448" endtime="20210419 11:28:29.535"></status>
</kw>
<status status="PASS" starttime="20210419 11:28:26.802" endtime="20210419 11:28:29.535"></status>
</kw>
<kw name="Owners" library="PetclinicKeywords">
<kw name="Click Element" library="SeleniumLibrary">
<doc>Click the element identified by ``locator``.</doc>
<arguments>
<arg>xpath:/html/body/app-root/div[1]/nav/div/ul/li[2]/a</arg>
</arguments>
<msg timestamp="20210419 11:28:29.535" level="INFO">Clicking element 'xpath:/html/body/app-root/div[1]/nav/div/ul/li[2]/a'.</msg>
<status status="PASS" starttime="20210419 11:28:29.535" endtime="20210419 11:28:30.651"></status>
</kw>
<kw name="Click Element" library="SeleniumLibrary">
<doc>Click the element identified by ``locator``.</doc>
<arguments>
<arg>xpath:/html/body/app-root/div[1]/nav/div/ul/li[2]/ul/li[1]/a/span[2]</arg>
</arguments>
<msg timestamp="20210419 11:28:30.651" level="INFO">Clicking element 'xpath:/html/body/app-root/div[1]/nav/div/ul/li[2]/ul/li[1]/a/span[2]'.</msg>
<status status="PASS" starttime="20210419 11:28:30.651" endtime="20210419 11:28:31.786"></status>
</kw>
<status status="PASS" starttime="20210419 11:28:29.535" endtime="20210419 11:28:31.786"></status>
</kw>
<kw name="Add New Pet" library="PetclinicKeywords">
<kw name="Click Element" library="SeleniumLibrary">
<doc>Click the element identified by ``locator``.</doc>
<arguments>
<arg>xpath:/html/body/app-root/app-owner-list/div/div/div/table/tbody/tr[9]/td[1]/a</arg>
</arguments>
<msg timestamp="20210419 11:28:31.786" level="INFO">Clicking element 'xpath:/html/body/app-root/app-owner-list/div/div/div/table/tbody/tr[9]/td[1]/a'.</msg>
<status status="PASS" starttime="20210419 11:28:31.786" endtime="20210419 11:28:32.937"></status>
</kw>
<kw name="Click Element" library="SeleniumLibrary">
<doc>Click the element identified by ``locator``.</doc>
<arguments>
<arg>xpath:/html/body/app-root/app-owner-detail/div/div/button[3]</arg>
</arguments>
<msg timestamp="20210419 11:28:32.937" level="INFO">Clicking element 'xpath:/html/body/app-root/app-owner-detail/div/div/button[3]'.</msg>
<status status="PASS" starttime="20210419 11:28:32.937" endtime="20210419 11:28:34.107"></status>
</kw>
<status status="PASS" starttime="20210419 11:28:31.786" endtime="20210419 11:28:34.107"></status>
</kw>
<kw name="Input New Pet Detalis" library="PetclinicKeywords">
<kw name="Click Element" library="SeleniumLibrary">
<doc>Click the element identified by ``locator``.</doc>
<arguments>
<arg>id=name</arg>
</arguments>
<msg timestamp="20210419 11:28:34.107" level="INFO">Clicking element 'id=name'.</msg>
<status status="PASS" starttime="20210419 11:28:34.107" endtime="20210419 11:28:35.209"></status>
</kw>
<status status="PASS" starttime="20210419 11:28:34.107" endtime="20210419 11:28:35.209"></status>
</kw>
<kw name="Pet Details" library="PetclinicKeywords">
<arguments>
<arg>Tommy</arg>
<arg>2021/04/19</arg>
</arguments>
<kw name="Name" library="PetclinicKeywords">
<arguments>
<arg>${Pet_Name}</arg>
</arguments>
<kw name="Input Text" library="SeleniumLibrary">
<doc>Types the given ``text`` into the text field identified by ``locator``.</doc>
<arguments>
<arg>id=name</arg>
<arg>${Pet_Name}</arg>
</arguments>
<msg timestamp="20210419 11:28:35.213" level="INFO">Typing text 'Tommy' into text field 'id=name'.</msg>
<status status="PASS" starttime="20210419 11:28:35.213" endtime="20210419 11:28:36.864"></status>
</kw>
<status status="PASS" starttime="20210419 11:28:35.213" endtime="20210419 11:28:36.864"></status>
</kw>
<kw name="Birth Date" library="PetclinicKeywords">
<arguments>
<arg>${Birth_Date}</arg>
</arguments>
<kw name="Input Text" library="SeleniumLibrary">
<doc>Types the given ``text`` into the text field identified by ``locator``.</doc>
<arguments>
<arg>xpath:/html/body/app-root/app-pet-add/div/div/form/div[4]/div/input</arg>
<arg>${Birth_Date}</arg>
</arguments>
<msg timestamp="20210419 11:28:36.864" level="INFO">Typing text '2021/04/19' into text field 'xpath:/html/body/app-root/app-pet-add/div/div/form/div[4]/div/input'.</msg>
<status status="PASS" starttime="20210419 11:28:36.864" endtime="20210419 11:28:38.514"></status>
</kw>
<status status="PASS" starttime="20210419 11:28:36.864" endtime="20210419 11:28:38.514"></status>
</kw>
<kw name="Click Element" library="SeleniumLibrary">
<doc>Click the element identified by ``locator``.</doc>
<arguments>
<arg>id=type</arg>
</arguments>
<msg timestamp="20210419 11:28:38.514" level="INFO">Clicking element 'id=type'.</msg>
<status status="PASS" starttime="20210419 11:28:38.514" endtime="20210419 11:28:39.585"></status>
</kw>
<kw name="Click Text">
<arguments>
<arg>dog</arg>
</arguments>
<msg timestamp="20210419 11:28:39.585" level="FAIL">No keyword with name 'Click Text' found.</msg>
<status status="FAIL" starttime="20210419 11:28:39.585" endtime="20210419 11:28:39.585"></status>
</kw>
<status status="FAIL" starttime="20210419 11:28:35.212" endtime="20210419 11:28:39.585"></status>
</kw>
<doc>Testing adding a newpet and verifying</doc>
<tags>
<tag>Test case-1</tag>
</tags>
<status status="FAIL" starttime="20210419 11:28:25.370" endtime="20210419 11:28:39.585" critical="yes">No keyword with name 'Click Text' found.</status>
</test>
<doc>Infotiv Petclinic Test Functionality</doc>
<status status="FAIL" starttime="20210419 11:28:25.130" endtime="20210419 11:28:39.585"></status>
</suite>
<status status="FAIL" starttime="20210419 11:28:25.096" endtime="20210419 11:28:39.585"></status>
</suite>
<statistics>
<total>
<stat pass="0" fail="1">Critical Tests</stat>
<stat pass="0" fail="1">All Tests</stat>
</total>
<tag>
<stat pass="0" fail="1">Test case-1</stat>
</tag>
<suite>
<stat pass="0" fail="1" id="s1" name="Tests">Tests</stat>
<stat pass="0" fail="1" id="s1-s1" name="PetClinicTest">Tests.PetClinicTest</stat>
</suite>
</statistics>
<errors>
</errors>
</robot>
