<?xml version="1.0" encoding="UTF-8"?>
<robot generator="Robot 3.2.2 (Python 3.9.1 on win32)" generated="20210419 13:30:43.977" rpa="false">
<suite id="s1" name="Tests" source="C:\Users\prava\PycharmProjects\spring-petclinic-angular-and-rest-master-New\spring-petclinic-angular\tests">
<suite id="s1-s1" name="PetClinicTest" source="C:\Users\prava\PycharmProjects\spring-petclinic-angular-and-rest-master-New\spring-petclinic-angular\tests\PetClinicTest.robot">
<test id="s1-s1-t1" name="Adding a new pet to petclinic website">
<kw name="Begin WebTest" library="PetclinicKeywords" type="setup">
<kw name="Open Browser" library="SeleniumLibrary">
<doc>Opens a new browser instance to the optional ``url``.</doc>
<arguments>
<arg>about:blank</arg>
<arg>chrome</arg>
</arguments>
<msg timestamp="20210419 13:30:44.332" level="INFO">Opening browser 'chrome' to base url 'about:blank'.</msg>
<status status="PASS" starttime="20210419 13:30:44.332" endtime="20210419 13:30:45.750"></status>
</kw>
<kw name="Set Selenium Speed" library="SeleniumLibrary">
<doc>Sets the delay that is waited after each Selenium command.</doc>
<arguments>
<arg>.5</arg>
</arguments>
<status status="PASS" starttime="20210419 13:30:45.751" endtime="20210419 13:30:45.752"></status>
</kw>
<status status="PASS" starttime="20210419 13:30:44.332" endtime="20210419 13:30:45.752"></status>
</kw>
<kw name="Given Go To Web Page" library="PetclinicKeywords">
<kw name="Load Page" library="PetclinicKeywords">
<kw name="Go To" library="SeleniumLibrary">
<doc>Navigates the current browser window to the provided ``url``.</doc>
<arguments>
<arg>${URL}</arg>
</arguments>
<msg timestamp="20210419 13:30:45.760" level="INFO">Opening url 'http://localhost:4200/'</msg>
<status status="PASS" starttime="20210419 13:30:45.759" endtime="20210419 13:30:47.445"></status>
</kw>
<status status="PASS" starttime="20210419 13:30:45.758" endtime="20210419 13:30:47.445"></status>
</kw>
<kw name="Verify Page Loaded" library="PetclinicKeywords">
<kw name="Get Text" library="SeleniumLibrary">
<doc>Returns the text value of the element identified by ``locator``.</doc>
<arguments>
<arg>xpath:/html/body/app-root/app-welcome/h1</arg>
</arguments>
<assign>
<var>${actualTerm}</var>
</assign>
<msg timestamp="20210419 13:30:48.474" level="INFO">${actualTerm} = Welcome to Petclinic</msg>
<status status="PASS" starttime="20210419 13:30:47.445" endtime="20210419 13:30:48.474"></status>
</kw>
<kw name="Should Be Equal" library="BuiltIn">
<doc>Fails if the given objects are unequal.</doc>
<arguments>
<arg>Welcome to Petclinic</arg>
<arg>${actualTerm}</arg>
</arguments>
<status status="PASS" starttime="20210419 13:30:48.474" endtime="20210419 13:30:48.474"></status>
</kw>
<status status="PASS" starttime="20210419 13:30:47.445" endtime="20210419 13:30:48.474"></status>
</kw>
<status status="PASS" starttime="20210419 13:30:45.758" endtime="20210419 13:30:48.474"></status>
</kw>
<kw name="Owners" library="PetclinicKeywords">
<kw name="Click Element" library="SeleniumLibrary">
<doc>Click the element identified by ``locator``.</doc>
<arguments>
<arg>xpath:/html/body/app-root/div[1]/nav/div/ul/li[2]/a</arg>
</arguments>
<msg timestamp="20210419 13:30:48.474" level="INFO">Clicking element 'xpath:/html/body/app-root/div[1]/nav/div/ul/li[2]/a'.</msg>
<status status="PASS" starttime="20210419 13:30:48.474" endtime="20210419 13:30:49.561"></status>
</kw>
<kw name="Click Element" library="SeleniumLibrary">
<doc>Click the element identified by ``locator``.</doc>
<arguments>
<arg>xpath:/html/body/app-root/div[1]/nav/div/ul/li[2]/ul/li[1]/a/span[2]</arg>
</arguments>
<msg timestamp="20210419 13:30:49.561" level="INFO">Clicking element 'xpath:/html/body/app-root/div[1]/nav/div/ul/li[2]/ul/li[1]/a/span[2]'.</msg>
<status status="PASS" starttime="20210419 13:30:49.561" endtime="20210419 13:30:50.665"></status>
</kw>
<status status="PASS" starttime="20210419 13:30:48.474" endtime="20210419 13:30:50.665"></status>
</kw>
<kw name="Add New Pet" library="PetclinicKeywords">
<kw name="Click Element" library="SeleniumLibrary">
<doc>Click the element identified by ``locator``.</doc>
<arguments>
<arg>xpath:/html/body/app-root/app-owner-list/div/div/div/table/tbody/tr[9]/td[1]/a</arg>
</arguments>
<msg timestamp="20210419 13:30:50.667" level="INFO">Clicking element 'xpath:/html/body/app-root/app-owner-list/div/div/div/table/tbody/tr[9]/td[1]/a'.</msg>
<status status="PASS" starttime="20210419 13:30:50.667" endtime="20210419 13:30:51.768"></status>
</kw>
<kw name="Click Element" library="SeleniumLibrary">
<doc>Click the element identified by ``locator``.</doc>
<arguments>
<arg>xpath:/html/body/app-root/app-owner-detail/div/div/button[3]</arg>
</arguments>
<msg timestamp="20210419 13:30:51.768" level="INFO">Clicking element 'xpath:/html/body/app-root/app-owner-detail/div/div/button[3]'.</msg>
<status status="PASS" starttime="20210419 13:30:51.768" endtime="20210419 13:30:52.917"></status>
</kw>
<status status="PASS" starttime="20210419 13:30:50.666" endtime="20210419 13:30:52.917"></status>
</kw>
<kw name="Input New Pet Detalis" library="PetclinicKeywords">
<kw name="Click Element" library="SeleniumLibrary">
<doc>Click the element identified by ``locator``.</doc>
<arguments>
<arg>id=name</arg>
</arguments>
<msg timestamp="20210419 13:30:52.917" level="INFO">Clicking element 'id=name'.</msg>
<status status="PASS" starttime="20210419 13:30:52.917" endtime="20210419 13:30:53.989"></status>
</kw>
<status status="PASS" starttime="20210419 13:30:52.917" endtime="20210419 13:30:53.989"></status>
</kw>
<kw name="Pet Details" library="PetclinicKeywords">
<arguments>
<arg>Tommy</arg>
<arg>2021/04/19</arg>
</arguments>
<kw name="Name" library="PetclinicKeywords">
<arguments>
<arg>${Pet_Name}</arg>
</arguments>
<kw name="Input Text" library="SeleniumLibrary">
<doc>Types the given ``text`` into the text field identified by ``locator``.</doc>
<arguments>
<arg>id=name</arg>
<arg>${Pet_Name}</arg>
</arguments>
<msg timestamp="20210419 13:30:53.989" level="INFO">Typing text 'Tommy' into text field 'id=name'.</msg>
<status status="PASS" starttime="20210419 13:30:53.989" endtime="20210419 13:30:55.591"></status>
</kw>
<status status="PASS" starttime="20210419 13:30:53.989" endtime="20210419 13:30:55.591"></status>
</kw>
<kw name="Birth Date" library="PetclinicKeywords">
<arguments>
<arg>${Birth_Date}</arg>
</arguments>
<kw name="Input Text" library="SeleniumLibrary">
<doc>Types the given ``text`` into the text field identified by ``locator``.</doc>
<arguments>
<arg>xpath:/html/body/app-root/app-pet-add/div/div/form/div[4]/div/input</arg>
<arg>${Birth_Date}</arg>
</arguments>
<msg timestamp="20210419 13:30:55.591" level="INFO">Typing text '2021/04/19' into text field 'xpath:/html/body/app-root/app-pet-add/div/div/form/div[4]/div/input'.</msg>
<status status="PASS" starttime="20210419 13:30:55.591" endtime="20210419 13:30:57.295"></status>
</kw>
<status status="PASS" starttime="20210419 13:30:55.591" endtime="20210419 13:30:57.295"></status>
</kw>
<kw name="Click Element" library="SeleniumLibrary">
<doc>Click the element identified by ``locator``.</doc>
<arguments>
<arg>id=type</arg>
</arguments>
<msg timestamp="20210419 13:30:57.295" level="INFO">Clicking element 'id=type'.</msg>
<status status="PASS" starttime="20210419 13:30:57.295" endtime="20210419 13:30:58.429"></status>
</kw>
<kw name="Click Element" library="SeleniumLibrary">
<doc>Click the element identified by ``locator``.</doc>
<arguments>
<arg>xpath://*[@id="type"]/option[2]</arg>
</arguments>
<msg timestamp="20210419 13:30:58.429" level="INFO">Clicking element 'xpath://*[@id="type"]/option[2]'.</msg>
<status status="PASS" starttime="20210419 13:30:58.429" endtime="20210419 13:30:59.500"></status>
</kw>
<kw name="Click Element" library="SeleniumLibrary">
<doc>Click the element identified by ``locator``.</doc>
<arguments>
<arg>xpath:/html/body/app-root/app-pet-add/div/div/form/div[6]/div/button[2]</arg>
</arguments>
<msg timestamp="20210419 13:30:59.500" level="INFO">Clicking element 'xpath:/html/body/app-root/app-pet-add/div/div/form/div[6]/div/button[2]'.</msg>
<status status="PASS" starttime="20210419 13:30:59.500" endtime="20210419 13:31:00.601"></status>
</kw>
<status status="PASS" starttime="20210419 13:30:53.989" endtime="20210419 13:31:00.601"></status>
</kw>
<kw name="Verify Pet Adedd To owner" library="PetclinicKeywords">
<kw name="Get Text" library="SeleniumLibrary">
<doc>Returns the text value of the element identified by ``locator``.</doc>
<arguments>
<arg>xpath:/html/body/app-root/app-owner-detail/div/div/table[1]/tr[1]/td/b</arg>
</arguments>
<assign>
<var>${actual_owner}</var>
</assign>
<msg timestamp="20210419 13:31:01.665" level="INFO">${actual_owner} = David Schroeder</msg>
<status status="PASS" starttime="20210419 13:31:00.601" endtime="20210419 13:31:01.665"></status>
</kw>
<kw name="Get Text" library="SeleniumLibrary">
<doc>Returns the text value of the element identified by ``locator``.</doc>
<arguments>
<arg>xpath:/html/body/app-root/app-owner-detail/div/div/table[2]/tr/app-pet-list[1]/table/tr/td[1]/dl/dd[1]</arg>
</arguments>
<assign>
<var>${actual_pet}</var>
</assign>
<msg timestamp="20210419 13:31:02.704" level="INFO">${actual_pet} = Tommy</msg>
<status status="PASS" starttime="20210419 13:31:01.665" endtime="20210419 13:31:02.704"></status>
</kw>
<kw name="Should Be Equal" library="BuiltIn">
<doc>Fails if the given objects are unequal.</doc>
<arguments>
<arg>David Schroeder</arg>
<arg>${actual_owner}</arg>
</arguments>
<status status="PASS" starttime="20210419 13:31:02.704" endtime="20210419 13:31:02.704"></status>
</kw>
<kw name="Should Be Equal" library="BuiltIn">
<doc>Fails if the given objects are unequal.</doc>
<arguments>
<arg>Tommy</arg>
<arg>${actual_pet}</arg>
</arguments>
<status status="PASS" starttime="20210419 13:31:02.704" endtime="20210419 13:31:02.704"></status>
</kw>
<status status="PASS" starttime="20210419 13:31:00.601" endtime="20210419 13:31:02.704"></status>
</kw>
<doc>Testing adding a newpet and verifying</doc>
<tags>
<tag>Test case-1</tag>
</tags>
<status status="PASS" starttime="20210419 13:30:44.332" endtime="20210419 13:31:02.704" critical="yes"></status>
</test>
<test id="s1-s1-t2" name="Editing A pet to petclinic website">
<kw name="Begin WebTest" library="PetclinicKeywords" type="setup">
<kw name="Open Browser" library="SeleniumLibrary">
<doc>Opens a new browser instance to the optional ``url``.</doc>
<arguments>
<arg>about:blank</arg>
<arg>chrome</arg>
</arguments>
<msg timestamp="20210419 13:31:02.704" level="INFO">Opening browser 'chrome' to base url 'about:blank'.</msg>
<status status="PASS" starttime="20210419 13:31:02.704" endtime="20210419 13:31:04.622"></status>
</kw>
<kw name="Set Selenium Speed" library="SeleniumLibrary">
<doc>Sets the delay that is waited after each Selenium command.</doc>
<arguments>
<arg>.5</arg>
</arguments>
<status status="PASS" starttime="20210419 13:31:04.622" endtime="20210419 13:31:04.622"></status>
</kw>
<status status="PASS" starttime="20210419 13:31:02.704" endtime="20210419 13:31:04.623"></status>
</kw>
<kw name="Given Go To Web Page" library="PetclinicKeywords">
<kw name="Load Page" library="PetclinicKeywords">
<kw name="Go To" library="SeleniumLibrary">
<doc>Navigates the current browser window to the provided ``url``.</doc>
<arguments>
<arg>${URL}</arg>
</arguments>
<msg timestamp="20210419 13:31:04.623" level="INFO">Opening url 'http://localhost:4200/'</msg>
<status status="PASS" starttime="20210419 13:31:04.623" endtime="20210419 13:31:06.018"></status>
</kw>
<status status="PASS" starttime="20210419 13:31:04.623" endtime="20210419 13:31:06.018"></status>
</kw>
<kw name="Verify Page Loaded" library="PetclinicKeywords">
<kw name="Get Text" library="SeleniumLibrary">
<doc>Returns the text value of the element identified by ``locator``.</doc>
<arguments>
<arg>xpath:/html/body/app-root/app-welcome/h1</arg>
</arguments>
<assign>
<var>${actualTerm}</var>
</assign>
<msg timestamp="20210419 13:31:07.067" level="INFO">${actualTerm} = Welcome to Petclinic</msg>
<status status="PASS" starttime="20210419 13:31:06.018" endtime="20210419 13:31:07.067"></status>
</kw>
<kw name="Should Be Equal" library="BuiltIn">
<doc>Fails if the given objects are unequal.</doc>
<arguments>
<arg>Welcome to Petclinic</arg>
<arg>${actualTerm}</arg>
</arguments>
<status status="PASS" starttime="20210419 13:31:07.067" endtime="20210419 13:31:07.067"></status>
</kw>
<status status="PASS" starttime="20210419 13:31:06.018" endtime="20210419 13:31:07.067"></status>
</kw>
<status status="PASS" starttime="20210419 13:31:04.623" endtime="20210419 13:31:07.067"></status>
</kw>
<kw name="Owners" library="PetclinicKeywords">
<kw name="Click Element" library="SeleniumLibrary">
<doc>Click the element identified by ``locator``.</doc>
<arguments>
<arg>xpath:/html/body/app-root/div[1]/nav/div/ul/li[2]/a</arg>
</arguments>
<msg timestamp="20210419 13:31:07.067" level="INFO">Clicking element 'xpath:/html/body/app-root/div[1]/nav/div/ul/li[2]/a'.</msg>
<status status="PASS" starttime="20210419 13:31:07.067" endtime="20210419 13:31:08.168"></status>
</kw>
<kw name="Click Element" library="SeleniumLibrary">
<doc>Click the element identified by ``locator``.</doc>
<arguments>
<arg>xpath:/html/body/app-root/div[1]/nav/div/ul/li[2]/ul/li[1]/a/span[2]</arg>
</arguments>
<msg timestamp="20210419 13:31:08.168" level="INFO">Clicking element 'xpath:/html/body/app-root/div[1]/nav/div/ul/li[2]/ul/li[1]/a/span[2]'.</msg>
<status status="PASS" starttime="20210419 13:31:08.168" endtime="20210419 13:31:09.258"></status>
</kw>
<status status="PASS" starttime="20210419 13:31:07.067" endtime="20210419 13:31:09.258"></status>
</kw>
<kw name="Edit a Pet" library="PetclinicKeywords">
<kw name="Click Element" library="SeleniumLibrary">
<doc>Click the element identified by ``locator``.</doc>
<arguments>
<arg>xpath:/html/body/app-root/app-owner-list/div/div/div/table/tbody/tr[6]/td[1]/a</arg>
</arguments>
<msg timestamp="20210419 13:31:09.258" level="INFO">Clicking element 'xpath:/html/body/app-root/app-owner-list/div/div/div/table/tbody/tr[6]/td[1]/a'.</msg>
<status status="PASS" starttime="20210419 13:31:09.258" endtime="20210419 13:31:10.368"></status>
</kw>
<kw name="Click Element" library="SeleniumLibrary">
<doc>Click the element identified by ``locator``.</doc>
<arguments>
<arg>xpath:/html/body/app-root/app-owner-detail/div/div/table[2]/tr/app-pet-list[2]/table/tr/td[1]/dl/button[1]</arg>
</arguments>
<msg timestamp="20210419 13:31:10.369" level="INFO">Clicking element 'xpath:/html/body/app-root/app-owner-detail/div/div/table[2]/tr/app-pet-list[2]/table/tr/td[1]/dl/button[1]'.</msg>
<status status="PASS" starttime="20210419 13:31:10.368" endtime="20210419 13:31:11.527"></status>
</kw>
<status status="PASS" starttime="20210419 13:31:09.258" endtime="20210419 13:31:11.527"></status>
</kw>
<kw name="Give a New Pet name" library="PetclinicKeywords">
<arguments>
<arg>Storm</arg>
</arguments>
<kw name="Input Text" library="SeleniumLibrary">
<doc>Types the given ``text`` into the text field identified by ``locator``.</doc>
<arguments>
<arg>id=name</arg>
<arg>${editPet_name}</arg>
</arguments>
<msg timestamp="20210419 13:31:11.527" level="INFO">Typing text 'Storm' into text field 'id=name'.</msg>
<status status="PASS" starttime="20210419 13:31:11.527" endtime="20210419 13:31:13.193"></status>
</kw>
<kw name="Click Element" library="SeleniumLibrary">
<doc>Click the element identified by ``locator``.</doc>
<arguments>
<arg>xpath:/html/body/app-root/app-pet-edit/div/div/form/div[6]/div/button[2]</arg>
</arguments>
<msg timestamp="20210419 13:31:13.193" level="INFO">Clicking element 'xpath:/html/body/app-root/app-pet-edit/div/div/form/div[6]/div/button[2]'.</msg>
<status status="PASS" starttime="20210419 13:31:13.193" endtime="20210419 13:31:14.327"></status>
</kw>
<status status="PASS" starttime="20210419 13:31:11.527" endtime="20210419 13:31:14.327"></status>
</kw>
<doc>Testing Edit A Pet With New Name And Verifying</doc>
<tags>
<tag>Test case-2</tag>
</tags>
<status status="PASS" starttime="20210419 13:31:02.704" endtime="20210419 13:31:14.328" critical="yes"></status>
</test>
<doc>Infotiv Petclinic Test Functionality</doc>
<status status="PASS" starttime="20210419 13:30:44.014" endtime="20210419 13:31:14.331"></status>
</suite>
<status status="PASS" starttime="20210419 13:30:43.998" endtime="20210419 13:31:14.337"></status>
</suite>
<statistics>
<total>
<stat pass="2" fail="0">Critical Tests</stat>
<stat pass="2" fail="0">All Tests</stat>
</total>
<tag>
<stat pass="1" fail="0">Test case-1</stat>
<stat pass="1" fail="0">Test case-2</stat>
</tag>
<suite>
<stat pass="2" fail="0" id="s1" name="Tests">Tests</stat>
<stat pass="2" fail="0" id="s1-s1" name="PetClinicTest">Tests.PetClinicTest</stat>
</suite>
</statistics>
<errors>
</errors>
</robot>
