<?xml version="1.0" encoding="UTF-8"?>
<robot generator="Robot 3.2.2 (Python 3.9.1 on win32)" generated="20210419 15:14:19.244" rpa="false">
<suite id="s1" name="Webtest" source="C:\Users\Sempa\PycharmProjects\spring-petclinic-angular-and-rest-master\spring-petclinic-angular\Robotframework\Tests\webtest.robot">
<test id="s1-t1" name="Access website">
<kw name="Begin Web Test" library="keywords" type="setup">
<kw name="Open Browser" library="SeleniumLibrary">
<doc>Opens a new browser instance to the optional ``url``.</doc>
<arguments>
<arg>about:blank</arg>
<arg>${BROWSER}</arg>
</arguments>
<msg timestamp="20210419 15:14:19.692" level="INFO">Opening browser 'chrome' to base url 'about:blank'.</msg>
<status status="PASS" starttime="20210419 15:14:19.692" endtime="20210419 15:14:21.915"></status>
</kw>
<kw name="Maximize Browser Window" library="SeleniumLibrary">
<doc>Maximizes current browser window.</doc>
<status status="PASS" starttime="20210419 15:14:21.915" endtime="20210419 15:14:22.137"></status>
</kw>
<kw name="Go To" library="SeleniumLibrary">
<doc>Navigates the current browser window to the provided ``url``.</doc>
<arguments>
<arg>${URL}</arg>
</arguments>
<msg timestamp="20210419 15:14:22.138" level="INFO">Opening url 'http://localhost:4200'</msg>
<status status="PASS" starttime="20210419 15:14:22.138" endtime="20210419 15:14:23.328"></status>
</kw>
<status status="PASS" starttime="20210419 15:14:19.691" endtime="20210419 15:14:23.328"></status>
</kw>
<kw name="Set Selenium Speed" library="SeleniumLibrary">
<doc>Sets the delay that is waited after each Selenium command.</doc>
<arguments>
<arg>0</arg>
</arguments>
<status status="PASS" starttime="20210419 15:14:23.348" endtime="20210419 15:14:23.352"></status>
</kw>
<kw name="Wait Until Page Contains" library="SeleniumLibrary">
<doc>Waits until ``text`` appears on the current page.</doc>
<arguments>
<arg>SpringPetclinicAngular</arg>
</arguments>
<status status="PASS" starttime="20210419 15:14:23.355" endtime="20210419 15:14:23.381"></status>
</kw>
<kw name="Click Element" library="SeleniumLibrary">
<doc>Click the element identified by ``locator``.</doc>
<arguments>
<arg>xpath://a[contains(text(),'Owners')]</arg>
</arguments>
<msg timestamp="20210419 15:14:23.383" level="INFO">Clicking element 'xpath://a[contains(text(),'Owners')]'.</msg>
<status status="PASS" starttime="20210419 15:14:23.382" endtime="20210419 15:14:23.481"></status>
</kw>
<kw name="Click Element" library="SeleniumLibrary">
<doc>Click the element identified by ``locator``.</doc>
<arguments>
<arg>xpath://a[contains(text(),'Owners')]/../ul/li[2]/a</arg>
</arguments>
<msg timestamp="20210419 15:14:23.482" level="INFO">Clicking element 'xpath://a[contains(text(),'Owners')]/../ul/li[2]/a'.</msg>
<status status="PASS" starttime="20210419 15:14:23.482" endtime="20210419 15:14:23.599"></status>
</kw>
<kw name="Input Text" library="SeleniumLibrary">
<doc>Types the given ``text`` into the text field identified by ``locator``.</doc>
<arguments>
<arg>id=firstName</arg>
<arg>Sami</arg>
</arguments>
<msg timestamp="20210419 15:14:23.600" level="INFO">Typing text 'Sami' into text field 'id=firstName'.</msg>
<status status="PASS" starttime="20210419 15:14:23.599" endtime="20210419 15:14:23.803"></status>
</kw>
<kw name="Input Text" library="SeleniumLibrary">
<doc>Types the given ``text`` into the text field identified by ``locator``.</doc>
<arguments>
<arg>id=lastName</arg>
<arg>Khelifi</arg>
</arguments>
<msg timestamp="20210419 15:14:23.804" level="INFO">Typing text 'Khelifi' into text field 'id=lastName'.</msg>
<status status="PASS" starttime="20210419 15:14:23.804" endtime="20210419 15:14:23.967"></status>
</kw>
<kw name="Input Text" library="SeleniumLibrary">
<doc>Types the given ``text`` into the text field identified by ``locator``.</doc>
<arguments>
<arg>id=address</arg>
<arg>Salviagatan 30</arg>
</arguments>
<msg timestamp="20210419 15:14:23.968" level="INFO">Typing text 'Salviagatan 30' into text field 'id=address'.</msg>
<status status="PASS" starttime="20210419 15:14:23.968" endtime="20210419 15:14:24.116"></status>
</kw>
<kw name="Input Text" library="SeleniumLibrary">
<doc>Types the given ``text`` into the text field identified by ``locator``.</doc>
<arguments>
<arg>id=city</arg>
<arg>Göteborg</arg>
</arguments>
<msg timestamp="20210419 15:14:24.117" level="INFO">Typing text 'Göteborg' into text field 'id=city'.</msg>
<status status="PASS" starttime="20210419 15:14:24.117" endtime="20210419 15:14:24.256"></status>
</kw>
<kw name="Input Text" library="SeleniumLibrary">
<doc>Types the given ``text`` into the text field identified by ``locator``.</doc>
<arguments>
<arg>id=telephone</arg>
<arg>0704593989</arg>
</arguments>
<msg timestamp="20210419 15:14:24.257" level="INFO">Typing text '0704593989' into text field 'id=telephone'.</msg>
<status status="PASS" starttime="20210419 15:14:24.257" endtime="20210419 15:14:24.405"></status>
</kw>
<kw name="Click Element" library="SeleniumLibrary">
<doc>Click the element identified by ``locator``.</doc>
<arguments>
<arg>xpath://div/button[contains(string(), "Add Owner")]</arg>
</arguments>
<msg timestamp="20210419 15:14:24.406" level="INFO">Clicking element 'xpath://div/button[contains(string(), "Add Owner")]'.</msg>
<status status="PASS" starttime="20210419 15:14:24.406" endtime="20210419 15:14:24.481"></status>
</kw>
<kw name="End Web Test" library="keywords" type="teardown">
<kw name="Close Browser" library="SeleniumLibrary">
<doc>Closes the current browser.</doc>
<status status="PASS" starttime="20210419 15:14:24.483" endtime="20210419 15:14:26.910"></status>
</kw>
<status status="PASS" starttime="20210419 15:14:24.482" endtime="20210419 15:14:26.910"></status>
</kw>
<doc>Test for accessing website Petclinic</doc>
<tags>
<tag>Access_test</tag>
</tags>
<status status="PASS" starttime="20210419 15:14:19.690" endtime="20210419 15:14:26.911" critical="yes"></status>
</test>
<doc>Testar Selenium och RobotFramework</doc>
<status status="PASS" starttime="20210419 15:14:19.246" endtime="20210419 15:14:26.913"></status>
</suite>
<statistics>
<total>
<stat pass="1" fail="0">Critical Tests</stat>
<stat pass="1" fail="0">All Tests</stat>
</total>
<tag>
<stat pass="1" fail="0">Access_test</stat>
</tag>
<suite>
<stat pass="1" fail="0" id="s1" name="Webtest">Webtest</stat>
</suite>
</statistics>
<errors>
</errors>
</robot>
